<?xml version="1.0" encoding="UTF-8"?>
<!-- Generated by org.testng.reporters.JUnitReportReporter -->
<testsuite hostname="CHN1-LHP-N62805" failures="0" tests="1" name="Assingment.AptechCareerGuidance_Test" time="10.324" errors="0" timestamp="2022-04-05T13:58:08 IST" skipped="0">
  <testcase classname="Assingment.AptechCareerGuidance_Test" name="testCareerGuidance" time="10.324"/>
  <system-out/>
</testsuite> <!-- Assingment.AptechCareerGuidance_Test -->
