<?xml version="1.0" encoding="UTF-8"?>
<!-- Generated by org.testng.reporters.JUnitReportReporter -->
<testsuite hostname="CHN1-LHP-N62805" failures="0" tests="1" name="day4.session2.TimeoutTest" time="2.505" errors="0" timestamp="2022-04-05T16:28:52 IST" skipped="0">
  <testcase classname="day4.session2.TimeoutTest" name="f" time="2.505"/>
  <system-out/>
</testsuite> <!-- day4.session2.TimeoutTest -->
