<?xml version="1.0" encoding="UTF-8"?>
<!-- Generated by org.testng.reporters.JUnitReportReporter -->
<testsuite hostname="CHN1-LHP-N62805" failures="0" tests="2" name="day4.session2.GroupB" time="0.001" errors="0" timestamp="2022-04-05T15:36:26 IST" skipped="0">
  <testcase classname="day4.session2.GroupB" name="firstTest" time="0.001"/>
  <system-out/>
  <testcase classname="day4.session2.GroupB" name="secondTest" time="0.000"/>
  <system-out/>
</testsuite> <!-- day4.session2.GroupB -->
