<?xml version="1.0" encoding="UTF-8"?>
<!-- Generated by org.testng.reporters.JUnitReportReporter -->
<testsuite hostname="CHN1-LHP-N62805" failures="0" tests="2" name="day4.session2.InvocationCountTest" time="4.951" errors="0" timestamp="2022-04-05T16:21:11 IST" skipped="0">
  <testcase classname="day4.session2.InvocationCountTest" name="f" time="2.407"/>
  <system-out/>
  <testcase classname="day4.session2.InvocationCountTest" name="f" time="2.544"/>
  <system-out/>
</testsuite> <!-- day4.session2.InvocationCountTest -->
