<?xml version="1.0" encoding="UTF-8"?>
<!-- Generated by org.testng.reporters.JUnitReportReporter -->
<testsuite hostname="CHN1-LHP-N62805" failures="0" tests="2" name="day4.session2.ParallelExecutionTest" time="12.616" errors="0" timestamp="2022-04-05T16:04:05 IST" skipped="0">
  <testcase classname="day4.session2.ParallelExecutionTest" name="f" time="6.788"/>
  <system-out/>
  <testcase classname="day4.session2.ParallelExecutionTest" name="f" time="5.828"/>
  <system-out/>
</testsuite> <!-- day4.session2.ParallelExecutionTest -->
