<?xml version="1.0" encoding="UTF-8"?>
<!-- Generated by org.testng.reporters.JUnitReportReporter -->
<testsuite hostname="CHN1-LHP-N62805" failures="0" tests="2" name="day4.AnnotationDrivenTestingInTestng" time="5.241" errors="0" timestamp="2022-04-05T10:58:06 IST" skipped="0">
  <testcase classname="day4.AnnotationDrivenTestingInTestng" name="testLogin" time="3.959"/>
  <system-out/>
  <testcase classname="day4.AnnotationDrivenTestingInTestng" name="testRegister" time="1.282"/>
  <system-out/>
</testsuite> <!-- day4.AnnotationDrivenTestingInTestng -->
