<?xml version="1.0" encoding="UTF-8"?>
<!-- Generated by org.testng.reporters.JUnitReportReporter -->
<testsuite hostname="CHN1-LHP-N62805" failures="0" tests="1" name="day4.session2.GroupA" time="0.005" errors="0" timestamp="2022-04-05T15:36:26 IST" skipped="0">
  <testcase classname="day4.session2.GroupA" name="firstTest" time="0.005"/>
  <system-out/>
</testsuite> <!-- day4.session2.GroupA -->
