<?xml version="1.0" encoding="UTF-8"?>
<!-- Generated by org.testng.reporters.JUnitReportReporter -->
<testsuite hostname="CHN1-LHP-N62805" failures="0" tests="2" name="day4.AnnotationsInTestng" time="0.010" errors="0" timestamp="2022-04-05T10:52:50 IST" skipped="0">
  <testcase classname="day4.AnnotationsInTestng" name="firstTest" time="0.009"/>
  <system-out/>
  <testcase classname="day4.AnnotationsInTestng" name="secondTest" time="0.001"/>
  <system-out/>
</testsuite> <!-- day4.AnnotationsInTestng -->
